
2019-05-03 15:38:58...installerHook: Info: custom/install/install_hooks.php not present, no custom hooks to execute
2019-05-03 15:39:04...installerHook: Info: custom/install/install_hooks.php not present, no custom hooks to execute
2019-05-03 15:39:08...Begin System Check Process *************
2019-05-03 15:39:08...XML Parsing Support Found
2019-05-03 15:39:08...MBString Support Found
2019-05-03 15:39:08...ZIP Support Found
2019-05-03 15:39:08.../custom directory and subdirectory check passed
2019-05-03 15:39:08...cache directory and subdirectory check passed
2019-05-03 15:39:13.../module  directory and subdirectory check passed
2019-05-03 15:39:13.../upload directory check passed
2019-05-03 15:39:13.../zip check passed
2019-05-03 15:39:13...PCRE version check passed
2019-05-03 15:39:13...installerHook: Info: custom/install/install_hooks.php not present, no custom hooks to execute
2019-05-03 15:39:13...php.ini location found. C:\xampp\php\php.ini
2019-05-03 15:39:13...Outputting HTML for System check
2019-05-03 15:39:13...No Errors were found *************
2019-05-03 15:39:13...Begin System Check Process *************
2019-05-03 15:39:13...XML Parsing Support Found
2019-05-03 15:39:13...MBString Support Found
2019-05-03 15:39:13...ZIP Support Found
2019-05-03 15:39:13.../custom directory and subdirectory check passed
2019-05-03 15:39:13...cache directory and subdirectory check passed
2019-05-03 15:39:17.../module  directory and subdirectory check passed
2019-05-03 15:39:17.../upload directory check passed
2019-05-03 15:39:17.../zip check passed
2019-05-03 15:39:17...PCRE version check passed
2019-05-03 15:39:17...installerHook: Info: custom/install/install_hooks.php not present, no custom hooks to execute
2019-05-03 15:39:17...php.ini location found. C:\xampp\php\php.ini
2019-05-03 15:39:17...Outputting HTML for System check
2019-05-03 15:39:17...No Errors were found *************
2019-05-03 15:39:17...installerHook: Info: custom/install/install_hooks.php not present, no custom hooks to execute
2019-05-03 15:39:20...installerHook: Info: custom/install/install_hooks.php not present, no custom hooks to execute
2019-05-03 15:39:48...Begin DB Check Process *************
2019-05-03 15:39:48...testing with mysql:mysqli
2019-05-03 15:39:48...Basic form info is valid, continuing Process.
2019-05-03 15:39:48...Testing user account...
2019-05-03 15:39:49...Connection made using  host: localhost, usr: root
2019-05-03 15:39:49...SUCCESS:: no errors detected!
2019-05-03 15:39:49...End DB Check Process *************
2019-05-03 15:39:50...installerHook: Info: custom/install/install_hooks.php not present, no custom hooks to execute
2019-05-03 15:39:50...calling handleSugarConfig()
2019-05-03 15:39:50...calling handleHtaccess()
2019-05-03 15:39:50...calling handleDbCreateDatabase()
2019-05-03 15:39:52...looping through all the Beans and create their tables
2019-05-03 15:39:52...processing table acl_actions
2019-05-03 15:39:53...creating table acl_actions
2019-05-03 15:39:53...creating Relationship Meta for ACLAction
2019-05-03 15:39:53...processing table acl_roles
2019-05-03 15:39:54...creating table acl_roles
2019-05-03 15:39:54...creating Relationship Meta for ACLRole
2019-05-03 15:39:54...processing table relationships
2019-05-03 15:39:54...creating table relationships
2019-05-03 15:39:54...creating Relationship Meta for Relationship
2019-05-03 15:39:54...processing table leads
2019-05-03 15:39:57...creating table leads
2019-05-03 15:39:57...creating Relationship Meta for Lead
2019-05-03 15:39:57...processing table cases
2019-05-03 15:40:00...creating table cases
2019-05-03 15:40:00...creating Relationship Meta for Case
2019-05-03 15:40:00...processing table bugs
2019-05-03 15:40:02...creating table bugs
2019-05-03 15:40:02...creating Relationship Meta for Bug
2019-05-03 15:40:03...processing table users
2019-05-03 15:40:04...creating table users
2019-05-03 15:40:04...creating Relationship Meta for User
2019-05-03 15:40:04...processing table campaign_log
2019-05-03 15:40:05...creating table campaign_log
2019-05-03 15:40:05...creating Relationship Meta for CampaignLog
2019-05-03 15:40:05...processing table project
2019-05-03 15:40:07...creating table project
2019-05-03 15:40:07...creating Relationship Meta for Project
2019-05-03 15:40:07...processing table project_task
2019-05-03 15:40:09...creating table project_task
2019-05-03 15:40:09...creating Relationship Meta for ProjectTask
2019-05-03 15:40:10...processing table campaigns
2019-05-03 15:40:12...creating table campaigns
2019-05-03 15:40:12...creating Relationship Meta for Campaign
2019-05-03 15:40:13...processing table prospect_lists
2019-05-03 15:40:14...creating table prospect_lists
2019-05-03 15:40:14...creating Relationship Meta for ProspectList
2019-05-03 15:40:14...processing table prospects
2019-05-03 15:40:16...creating table prospects
2019-05-03 15:40:16...creating Relationship Meta for Prospect
2019-05-03 15:40:16...processing table email_marketing
2019-05-03 15:40:18...creating table email_marketing
2019-05-03 15:40:18...creating Relationship Meta for EmailMarketing
2019-05-03 15:40:18...processing table campaign_trkrs
2019-05-03 15:40:18...creating table campaign_trkrs
2019-05-03 15:40:18...creating Relationship Meta for CampaignTracker
2019-05-03 15:40:18...processing table releases
2019-05-03 15:40:19...creating table releases
2019-05-03 15:40:19...creating Relationship Meta for Release
2019-05-03 15:40:19...processing table emailman
2019-05-03 15:40:19...creating table emailman
2019-05-03 15:40:19...creating Relationship Meta for EmailMan
2019-05-03 15:40:19...processing table schedulers
2019-05-03 15:40:20...creating table schedulers
2019-05-03 15:40:20...creating Relationship Meta for Scheduler
2019-05-03 15:40:20...processing table job_queue
2019-05-03 15:40:20...creating table job_queue
2019-05-03 15:40:20...creating Relationship Meta for SchedulersJob
2019-05-03 15:40:20...processing table contacts
2019-05-03 15:40:23...creating table contacts
2019-05-03 15:40:23...creating Relationship Meta for Contact
2019-05-03 15:40:24...processing table accounts
2019-05-03 15:40:26...creating table accounts
2019-05-03 15:40:26...creating Relationship Meta for Account
2019-05-03 15:40:27...processing table opportunities
2019-05-03 15:40:29...creating table opportunities
2019-05-03 15:40:29...creating Relationship Meta for Opportunity
2019-05-03 15:40:29...processing table email_templates
2019-05-03 15:40:31...creating table email_templates
2019-05-03 15:40:31...creating Relationship Meta for EmailTemplate
2019-05-03 15:40:31...processing table notes
2019-05-03 15:40:33...creating table notes
2019-05-03 15:40:33...creating Relationship Meta for Note
2019-05-03 15:40:33...processing table calls
2019-05-03 15:40:34...creating table calls
2019-05-03 15:40:34...creating Relationship Meta for Call
2019-05-03 15:40:35...processing table emails
2019-05-03 15:40:36...creating table emails
2019-05-03 15:40:36...creating Relationship Meta for Email
2019-05-03 15:40:37...processing table meetings
2019-05-03 15:40:39...creating table meetings
2019-05-03 15:40:39...creating Relationship Meta for Meeting
2019-05-03 15:40:39...processing table tasks
2019-05-03 15:40:40...creating table tasks
2019-05-03 15:40:40...creating Relationship Meta for Task
2019-05-03 15:40:41...processing table users
2019-05-03 15:40:41...processing table users
2019-05-03 15:40:41...processing table currencies
2019-05-03 15:40:41...creating table currencies
2019-05-03 15:40:41...creating Relationship Meta for Currency
2019-05-03 15:40:41...processing table tracker
2019-05-03 15:40:41...creating table tracker
2019-05-03 15:40:41...creating Relationship Meta for Tracker
2019-05-03 15:40:41...processing table import_maps
2019-05-03 15:40:42...creating table import_maps
2019-05-03 15:40:42...creating Relationship Meta for ImportMap
2019-05-03 15:40:42...processing table users_last_import
2019-05-03 15:40:43...creating table users_last_import
2019-05-03 15:40:43...creating Relationship Meta for UsersLastImport
2019-05-03 15:40:43...processing table config
2019-05-03 15:40:43...creating table config
2019-05-03 15:40:43...creating Relationship Meta for Administration
2019-05-03 15:40:43...processing table upgrade_history
2019-05-03 15:40:43...creating table upgrade_history
2019-05-03 15:40:43...creating Relationship Meta for UpgradeHistory
2019-05-03 15:40:43...processing table vcals
2019-05-03 15:40:44...creating table vcals
2019-05-03 15:40:44...creating Relationship Meta for vCal
2019-05-03 15:40:44...processing table alerts
2019-05-03 15:40:45...creating table alerts
2019-05-03 15:40:45...creating Relationship Meta for Alert
2019-05-03 15:40:45...processing table roles
2019-05-03 15:40:45...creating table roles
2019-05-03 15:40:45...creating Relationship Meta for Role
2019-05-03 15:40:45...processing table documents
2019-05-03 15:40:47...creating table documents
2019-05-03 15:40:47...creating Relationship Meta for Document
2019-05-03 15:40:47...processing table document_revisions
2019-05-03 15:40:48...creating table document_revisions
2019-05-03 15:40:48...creating Relationship Meta for DocumentRevision
2019-05-03 15:40:48...processing table fields_meta_data
2019-05-03 15:40:48...creating table fields_meta_data
2019-05-03 15:40:48...creating Relationship Meta for FieldsMetaData
2019-05-03 15:40:48...processing table inbound_email
2019-05-03 15:40:48...creating table inbound_email
2019-05-03 15:40:48...creating Relationship Meta for InboundEmail
2019-05-03 15:40:49...processing table saved_search
2019-05-03 15:40:49...creating table saved_search
2019-05-03 15:40:49...creating Relationship Meta for SavedSearch
2019-05-03 15:40:49...processing table user_preferences
2019-05-03 15:40:50...creating table user_preferences
2019-05-03 15:40:50...creating Relationship Meta for UserPreference
2019-05-03 15:40:50...processing table 
2019-05-03 15:40:50...processing table email_addresses
2019-05-03 15:40:51...creating table email_addresses
2019-05-03 15:40:51...creating Relationship Meta for EmailAddress
2019-05-03 15:40:51...processing table emails_text
2019-05-03 15:40:51...creating table emails_text
2019-05-03 15:40:51...creating Relationship Meta for EmailText
2019-05-03 15:40:51...processing table spots
2019-05-03 15:40:52...creating table spots
2019-05-03 15:40:52...creating Relationship Meta for Spots
2019-05-03 15:40:53...processing table aobh_businesshours
2019-05-03 15:40:53...creating table aobh_businesshours
2019-05-03 15:40:53...creating Relationship Meta for AOBH_BusinessHours
2019-05-03 15:40:53...processing table sugarfeed
2019-05-03 15:40:53...creating table sugarfeed
2019-05-03 15:40:53...creating Relationship Meta for SugarFeed
2019-05-03 15:40:54...processing table eapm
2019-05-03 15:40:55...creating table eapm
2019-05-03 15:40:55...creating Relationship Meta for EAPM
2019-05-03 15:40:55...processing table oauth_consumer
2019-05-03 15:40:56...creating table oauth_consumer
2019-05-03 15:40:56...creating Relationship Meta for OAuthKey
2019-05-03 15:40:56...processing table oauth_tokens
2019-05-03 15:40:56...creating table oauth_tokens
2019-05-03 15:40:56...creating Relationship Meta for OAuthToken
2019-05-03 15:40:56...processing table am_projecttemplates
2019-05-03 15:40:59...creating table am_projecttemplates
2019-05-03 15:40:59...creating Relationship Meta for AM_ProjectTemplates
2019-05-03 15:40:59...processing table am_tasktemplates
2019-05-03 15:41:01...creating table am_tasktemplates
2019-05-03 15:41:01...creating Relationship Meta for AM_TaskTemplates
2019-05-03 15:41:01...processing table favorites
2019-05-03 15:41:02...creating table favorites
2019-05-03 15:41:02...creating Relationship Meta for Favorites
2019-05-03 15:41:02...processing table aok_knowledge_base_categories
2019-05-03 15:41:04...creating table aok_knowledge_base_categories
2019-05-03 15:41:04...creating Relationship Meta for AOK_Knowledge_Base_Categories
2019-05-03 15:41:04...processing table aok_knowledgebase
2019-05-03 15:41:06...creating table aok_knowledgebase
2019-05-03 15:41:06...creating Relationship Meta for AOK_KnowledgeBase
2019-05-03 15:41:06...processing table reminders
2019-05-03 15:41:07...creating table reminders
2019-05-03 15:41:07...creating Relationship Meta for Reminder
2019-05-03 15:41:07...processing table reminders_invitees
2019-05-03 15:41:08...creating table reminders_invitees
2019-05-03 15:41:08...creating Relationship Meta for Reminder_Invitee
2019-05-03 15:41:08...processing table fp_events
2019-05-03 15:41:11...creating table fp_events
2019-05-03 15:41:11...creating Relationship Meta for FP_events
2019-05-03 15:41:11...processing table fp_event_locations
2019-05-03 15:41:13...creating table fp_event_locations
2019-05-03 15:41:13...creating Relationship Meta for FP_Event_Locations
2019-05-03 15:41:13...processing table aod_indexevent
2019-05-03 15:41:16...creating table aod_indexevent
2019-05-03 15:41:16...creating Relationship Meta for AOD_IndexEvent
2019-05-03 15:41:16...processing table aod_index
2019-05-03 15:41:18...creating table aod_index
2019-05-03 15:41:18...creating Relationship Meta for AOD_Index
2019-05-03 15:41:18...processing table aop_case_events
2019-05-03 15:41:20...creating table aop_case_events
2019-05-03 15:41:20...creating Relationship Meta for AOP_Case_Events
2019-05-03 15:41:20...processing table aop_case_updates
2019-05-03 15:41:22...creating table aop_case_updates
2019-05-03 15:41:22...creating Relationship Meta for AOP_Case_Updates
2019-05-03 15:41:22...processing table aor_reports
2019-05-03 15:41:24...creating table aor_reports
2019-05-03 15:41:24...creating Relationship Meta for AOR_Report
2019-05-03 15:41:24...processing table aor_fields
2019-05-03 15:41:25...creating table aor_fields
2019-05-03 15:41:25...creating Relationship Meta for AOR_Field
2019-05-03 15:41:25...processing table aor_charts
2019-05-03 15:41:25...creating table aor_charts
2019-05-03 15:41:25...creating Relationship Meta for AOR_Chart
2019-05-03 15:41:25...processing table aor_conditions
2019-05-03 15:41:26...creating table aor_conditions
2019-05-03 15:41:26...creating Relationship Meta for AOR_Condition
2019-05-03 15:41:26...processing table aor_scheduled_reports
2019-05-03 15:41:27...creating table aor_scheduled_reports
2019-05-03 15:41:27...creating Relationship Meta for AOR_Scheduled_Reports
2019-05-03 15:41:28...processing table aos_contracts
2019-05-03 15:41:29...creating table aos_contracts
2019-05-03 15:41:29...creating Relationship Meta for AOS_Contracts
2019-05-03 15:41:30...processing table aos_invoices
2019-05-03 15:41:31...creating table aos_invoices
2019-05-03 15:41:31...creating Relationship Meta for AOS_Invoices
2019-05-03 15:41:32...processing table aos_pdf_templates
2019-05-03 15:41:33...creating table aos_pdf_templates
2019-05-03 15:41:33...creating Relationship Meta for AOS_PDF_Templates
2019-05-03 15:41:34...processing table aos_product_categories
2019-05-03 15:41:35...creating table aos_product_categories
2019-05-03 15:41:35...creating Relationship Meta for AOS_Product_Categories
2019-05-03 15:41:36...processing table aos_products
2019-05-03 15:41:37...creating table aos_products
2019-05-03 15:41:37...creating Relationship Meta for AOS_Products
2019-05-03 15:41:38...processing table aos_products_quotes
2019-05-03 15:41:38...creating table aos_products_quotes
2019-05-03 15:41:38...creating Relationship Meta for AOS_Products_Quotes
2019-05-03 15:41:39...processing table aos_line_item_groups
2019-05-03 15:41:39...creating table aos_line_item_groups
2019-05-03 15:41:39...creating Relationship Meta for AOS_Line_Item_Groups
2019-05-03 15:41:40...processing table aos_quotes
2019-05-03 15:41:42...creating table aos_quotes
2019-05-03 15:41:42...creating Relationship Meta for AOS_Quotes
2019-05-03 15:41:42...processing table aow_actions
2019-05-03 15:41:43...creating table aow_actions
2019-05-03 15:41:43...creating Relationship Meta for AOW_Action
2019-05-03 15:41:43...processing table aow_workflow
2019-05-03 15:41:44...creating table aow_workflow
2019-05-03 15:41:44...creating Relationship Meta for AOW_WorkFlow
2019-05-03 15:41:45...processing table aow_processed
2019-05-03 15:41:47...creating table aow_processed
2019-05-03 15:41:47...creating Relationship Meta for AOW_Processed
2019-05-03 15:41:47...processing table aow_conditions
2019-05-03 15:41:48...creating table aow_conditions
2019-05-03 15:41:48...creating Relationship Meta for AOW_Condition
2019-05-03 15:41:48...processing table jjwg_maps
2019-05-03 15:41:50...creating table jjwg_maps
2019-05-03 15:41:50...creating Relationship Meta for jjwg_Maps
2019-05-03 15:41:51...processing table jjwg_markers
2019-05-03 15:41:53...creating table jjwg_markers
2019-05-03 15:41:53...creating Relationship Meta for jjwg_Markers
2019-05-03 15:41:53...processing table jjwg_areas
2019-05-03 15:41:55...creating table jjwg_areas
2019-05-03 15:41:55...creating Relationship Meta for jjwg_Areas
2019-05-03 15:41:55...processing table jjwg_address_cache
2019-05-03 15:41:57...creating table jjwg_address_cache
2019-05-03 15:41:57...creating Relationship Meta for jjwg_Address_Cache
2019-05-03 15:41:57...processing table calls_reschedule
2019-05-03 15:41:59...creating table calls_reschedule
2019-05-03 15:41:59...creating Relationship Meta for Calls_Reschedule
2019-05-03 15:41:59...processing table securitygroups
2019-05-03 15:42:01...creating table securitygroups
2019-05-03 15:42:01...creating Relationship Meta for SecurityGroup
2019-05-03 15:42:01...processing table outbound_email
2019-05-03 15:42:03...creating table outbound_email
2019-05-03 15:42:03...creating Relationship Meta for OutboundEmailAccounts
2019-05-03 15:42:03...processing table templatesectionline
2019-05-03 15:42:05...creating table templatesectionline
2019-05-03 15:42:05...creating Relationship Meta for TemplateSectionLine
2019-05-03 15:42:06...processing table oauth2tokens
2019-05-03 15:42:06...creating table oauth2tokens
2019-05-03 15:42:06...creating Relationship Meta for OAuth2Tokens
2019-05-03 15:42:06...processing table oauth2clients
2019-05-03 15:42:07...creating table oauth2clients
2019-05-03 15:42:07...creating Relationship Meta for OAuth2Clients
2019-05-03 15:42:07...processing table surveyresponses
2019-05-03 15:42:09...creating table surveyresponses
2019-05-03 15:42:09...creating Relationship Meta for SurveyResponses
2019-05-03 15:42:09...processing table surveys
2019-05-03 15:42:11...creating table surveys
2019-05-03 15:42:11...creating Relationship Meta for Surveys
2019-05-03 15:42:11...processing table surveyquestionresponses
2019-05-03 15:42:13...creating table surveyquestionresponses
2019-05-03 15:42:13...creating Relationship Meta for SurveyQuestionResponses
2019-05-03 15:42:14...processing table surveyquestions
2019-05-03 15:42:15...creating table surveyquestions
2019-05-03 15:42:15...creating Relationship Meta for SurveyQuestions
2019-05-03 15:42:16...processing table surveyquestionoptions
2019-05-03 15:42:17...creating table surveyquestionoptions
2019-05-03 15:42:17...creating Relationship Meta for SurveyQuestionOptions
2019-05-03 15:42:56...Begin creating Defaults
2019-05-03 15:42:56...insert defaults into config table
2019-05-03 15:42:57...Creating default users
2019-05-03 15:42:58...Creating default scheduler jobs
2019-05-03 15:43:00...Creating default encryption key...
2019-05-03 15:43:00...Enable SugarFeeds
2019-05-03 15:43:02...Installation has completed *********
2019-05-03 15:44:06...populating the db with seed data
2019-05-03 15:44:06...Save configuration settings..
2019-05-03 15:44:06...save locale
2019-05-03 15:44:06...new Administration
2019-05-03 15:44:06...retrieveSettings
2019-05-03 15:44:06...AdminWizard OFF
2019-05-03 15:44:06...saveConfig
2019-05-03 15:44:06...new Configurator
2019-05-03 15:44:06...populateFromPost
2019-05-03 15:44:06...handleOverride
2019-05-03 15:44:06...addCronAllowedUser
2019-05-03 15:44:07...saveConfig
2019-05-03 15:44:07...new Currency
2019-05-03 15:44:07...retrieve
2019-05-03 15:44:07...DBG: save currency
2019-05-03 15:44:07...Save user settings..
2019-05-03 15:44:07...DBG: SugarThemeRegistry::getDefault
2019-05-03 15:44:12...installerHook: Info: custom/install/install_hooks.php not present, no custom hooks to execute